{
  "stats": {
    "suites": 1,
    "tests": 1,
    "passes": 1,
    "pending": 0,
    "failures": 0,
    "start": "2025-06-24T19:00:29.161Z",
    "end": "2025-06-24T19:01:19.915Z",
    "duration": 50754,
    "testsRegistered": 1,
    "passPercent": 100,
    "pendingPercent": 0,
    "other": 0,
    "hasOther": false,
    "skipped": 0,
    "hasSkipped": false
  },
  "results": [
    {
      "uuid": "07fd3488-b0d5-4cb5-8458-5d55319426e7",
      "title": "",
      "fullFile": "cypress\\e2e\\order.spec.js",
      "file": "cypress\\e2e\\order.spec.js",
      "beforeHooks": [],
      "afterHooks": [],
      "tests": [],
      "suites": [
        {
          "uuid": "3ff946a5-5f20-4093-bd63-d1a840163a34",
          "title": "Test Case B: Login and Place Order with Multiple Products",
          "fullFile": "",
          "file": "",
          "beforeHooks": [],
          "afterHooks": [],
          "tests": [
            {
              "title": "Logs in and places order with multiple products + price validation",
              "fullTitle": "Test Case B: Login and Place Order with Multiple Products Logs in and places order with multiple products + price validation",
              "timedOut": null,
              "duration": 50636,
              "state": "passed",
              "speed": "slow",
              "pass": true,
              "fail": false,
              "pending": false,
              "context": null,
              "code": "cy.visit('/customer/account/login/');\nconst email = Cypress.env('user_email');\nconst password = Cypress.env('user_password');\nloginPage.login(email, password);\ncy.contains('Account Information').should('be.visible');\nproducts.forEach(item => {\n  homePage.searchProduct(item.name);\n  cy.get('.product-item-link').contains(item.name).click({\n    force: true\n  });\n  productPage.addToCart(item.quantity);\n});\ncartPage.goToCart();\ncartPage.validateTotal();",
              "err": {},
              "uuid": "9e23c71a-909c-4860-aec5-5e3a713ae163",
              "parentUUID": "3ff946a5-5f20-4093-bd63-d1a840163a34",
              "isHook": false,
              "skipped": false
            }
          ],
          "suites": [],
          "passes": [
            "9e23c71a-909c-4860-aec5-5e3a713ae163"
          ],
          "failures": [],
          "pending": [],
          "skipped": [],
          "duration": 50636,
          "root": false,
          "rootEmpty": false,
          "_timeout": 2000
        }
      ],
      "passes": [],
      "failures": [],
      "pending": [],
      "skipped": [],
      "duration": 0,
      "root": true,
      "rootEmpty": true,
      "_timeout": 2000
    }
  ],
  "meta": {
    "mocha": {
      "version": "7.0.1"
    },
    "mochawesome": {
      "options": {
        "quiet": false,
        "reportFilename": "mochawesome",
        "saveHtml": true,
        "saveJson": true,
        "consoleReporter": "spec",
        "useInlineDiffs": false,
        "code": true
      },
      "version": "7.1.3"
    },
    "marge": {
      "options": {
        "reportDir": "mochawesome-report",
        "overwrite": false,
        "html": true,
        "json": true,
        "embeddedScreenshots": true,
        "inlineAssets": true
      },
      "version": "6.2.0"
    }
  }
}