{
  "stats": {
    "suites": 1,
    "tests": 1,
    "passes": 1,
    "pending": 0,
    "failures": 0,
    "start": "2025-06-24T19:02:14.965Z",
    "end": "2025-06-24T19:02:36.950Z",
    "duration": 21985,
    "testsRegistered": 1,
    "passPercent": 100,
    "pendingPercent": 0,
    "other": 0,
    "hasOther": false,
    "skipped": 0,
    "hasSkipped": false
  },
  "results": [
    {
      "uuid": "444aad72-b8b4-4328-8a99-d0ab223e965b",
      "title": "",
      "fullFile": "cypress\\e2e\\wishlist.spec.js",
      "file": "cypress\\e2e\\wishlist.spec.js",
      "beforeHooks": [],
      "afterHooks": [],
      "tests": [],
      "suites": [
        {
          "uuid": "8ff0e702-c1f6-49bc-a32d-ef0ad64c865c",
          "title": "Combined Test: Login, Wishlist flow + Place Order with multiple products",
          "fullFile": "",
          "file": "",
          "beforeHooks": [],
          "afterHooks": [],
          "tests": [
            {
              "title": "Logs in with existing user from env and adds product to wishlist then moves it to checkout",
              "fullTitle": "Combined Test: Login, Wishlist flow + Place Order with multiple products Logs in with existing user from env and adds product to wishlist then moves it to checkout",
              "timedOut": null,
              "duration": 21871,
              "state": "passed",
              "speed": "slow",
              "pass": true,
              "fail": false,
              "pending": false,
              "context": null,
              "code": "cy.visit('/customer/account/login/');\nconst email = Cypress.env('user_email');\nconst password = Cypress.env('user_password');\nloginPage.login(email, password);\ncy.contains('Account Information').should('be.visible');\nhomePage.searchProduct('Radiant Tee');\ncy.get('.product-item-link').contains('Radiant Tee').click();\nproductPage.addToWishlist();",
              "err": {},
              "uuid": "58cdb25d-a338-425d-b508-510996cda4db",
              "parentUUID": "8ff0e702-c1f6-49bc-a32d-ef0ad64c865c",
              "isHook": false,
              "skipped": false
            }
          ],
          "suites": [],
          "passes": [
            "58cdb25d-a338-425d-b508-510996cda4db"
          ],
          "failures": [],
          "pending": [],
          "skipped": [],
          "duration": 21871,
          "root": false,
          "rootEmpty": false,
          "_timeout": 2000
        }
      ],
      "passes": [],
      "failures": [],
      "pending": [],
      "skipped": [],
      "duration": 0,
      "root": true,
      "rootEmpty": true,
      "_timeout": 2000
    }
  ],
  "meta": {
    "mocha": {
      "version": "7.0.1"
    },
    "mochawesome": {
      "options": {
        "quiet": false,
        "reportFilename": "mochawesome",
        "saveHtml": true,
        "saveJson": true,
        "consoleReporter": "spec",
        "useInlineDiffs": false,
        "code": true
      },
      "version": "7.1.3"
    },
    "marge": {
      "options": {
        "reportDir": "mochawesome-report",
        "overwrite": false,
        "html": true,
        "json": true,
        "embeddedScreenshots": true,
        "inlineAssets": true
      },
      "version": "6.2.0"
    }
  }
}