{
  "stats": {
    "suites": 1,
    "tests": 1,
    "passes": 1,
    "pending": 0,
    "failures": 0,
    "start": "2025-06-24T19:02:01.496Z",
    "end": "2025-06-24T19:02:13.348Z",
    "duration": 11852,
    "testsRegistered": 1,
    "passPercent": 100,
    "pendingPercent": 0,
    "other": 0,
    "hasOther": false,
    "skipped": 0,
    "hasSkipped": false
  },
  "results": [
    {
      "uuid": "0b8767ed-5e00-4093-af48-ca32061f09ca",
      "title": "",
      "fullFile": "cypress\\e2e\\search.spec.js",
      "file": "cypress\\e2e\\search.spec.js",
      "beforeHooks": [],
      "afterHooks": [],
      "tests": [],
      "suites": [
        {
          "uuid": "e8a3fcb9-1389-49fe-8385-37ea2e6fa3bc",
          "title": "Test Case D: Search Validation",
          "fullFile": "",
          "file": "",
          "beforeHooks": [],
          "afterHooks": [],
          "tests": [
            {
              "title": "Searches for a product and verifies it appears",
              "fullTitle": "Test Case D: Search Validation Searches for a product and verifies it appears",
              "timedOut": null,
              "duration": 11781,
              "state": "passed",
              "speed": "slow",
              "pass": true,
              "fail": false,
              "pending": false,
              "context": null,
              "code": "cy.visit('/');\nhomePage.searchProduct('Radiant Tee');\ncy.contains('Radiant Tee').should('be.visible');",
              "err": {},
              "uuid": "a586bcb7-25de-4b8c-a1d7-fde915b7ce71",
              "parentUUID": "e8a3fcb9-1389-49fe-8385-37ea2e6fa3bc",
              "isHook": false,
              "skipped": false
            }
          ],
          "suites": [],
          "passes": [
            "a586bcb7-25de-4b8c-a1d7-fde915b7ce71"
          ],
          "failures": [],
          "pending": [],
          "skipped": [],
          "duration": 11781,
          "root": false,
          "rootEmpty": false,
          "_timeout": 2000
        }
      ],
      "passes": [],
      "failures": [],
      "pending": [],
      "skipped": [],
      "duration": 0,
      "root": true,
      "rootEmpty": true,
      "_timeout": 2000
    }
  ],
  "meta": {
    "mocha": {
      "version": "7.0.1"
    },
    "mochawesome": {
      "options": {
        "quiet": false,
        "reportFilename": "mochawesome",
        "saveHtml": true,
        "saveJson": true,
        "consoleReporter": "spec",
        "useInlineDiffs": false,
        "code": true
      },
      "version": "7.1.3"
    },
    "marge": {
      "options": {
        "reportDir": "mochawesome-report",
        "overwrite": false,
        "html": true,
        "json": true,
        "embeddedScreenshots": true,
        "inlineAssets": true
      },
      "version": "6.2.0"
    }
  }
}